<?xml version="1.0" encoding="UTF-8"?>
<testsuite name="myretail.ApplicationTests" tests="1" skipped="0" failures="0" errors="0" timestamp="2017-12-07T05:03:09" hostname="W1551421" time="0.022">
  <properties/>
  <testcase name="contextLoads" classname="myretail.ApplicationTests" time="0.022"/>
  <system-out><![CDATA[00:03:00.855 [Test worker] DEBUG org.springframework.test.context.junit4.SpringJUnit4ClassRunner - SpringJUnit4ClassRunner constructor called with [class myretail.ApplicationTests]
00:03:00.861 [Test worker] DEBUG org.springframework.test.context.BootstrapUtils - Instantiating CacheAwareContextLoaderDelegate from class [org.springframework.test.context.cache.DefaultCacheAwareContextLoaderDelegate]
00:03:00.872 [Test worker] DEBUG org.springframework.test.context.BootstrapUtils - Instantiating BootstrapContext using constructor [public org.springframework.test.context.support.DefaultBootstrapContext(java.lang.Class,org.springframework.test.context.CacheAwareContextLoaderDelegate)]
00:03:00.889 [Test worker] DEBUG org.springframework.test.context.BootstrapUtils - Instantiating TestContextBootstrapper for test class [myretail.ApplicationTests] from class [org.springframework.boot.test.context.SpringBootTestContextBootstrapper]
00:03:00.902 [Test worker] INFO org.springframework.boot.test.context.SpringBootTestContextBootstrapper - Neither @ContextConfiguration nor @ContextHierarchy found for test class [myretail.ApplicationTests], using SpringBootContextLoader
00:03:00.907 [Test worker] DEBUG org.springframework.test.context.support.AbstractContextLoader - Did not detect default resource location for test class [myretail.ApplicationTests]: class path resource [myretail/ApplicationTests-context.xml] does not exist
00:03:00.907 [Test worker] DEBUG org.springframework.test.context.support.AbstractContextLoader - Did not detect default resource location for test class [myretail.ApplicationTests]: class path resource [myretail/ApplicationTestsContext.groovy] does not exist
00:03:00.907 [Test worker] INFO org.springframework.test.context.support.AbstractContextLoader - Could not detect default resource locations for test class [myretail.ApplicationTests]: no resource found for suffixes {-context.xml, Context.groovy}.
00:03:00.961 [Test worker] DEBUG org.springframework.test.context.support.ActiveProfilesUtils - Could not find an 'annotation declaring class' for annotation type [org.springframework.test.context.ActiveProfiles] and class [myretail.ApplicationTests]
00:03:01.005 [Test worker] DEBUG org.springframework.boot.test.context.SpringBootTestContextBootstrapper - @TestExecutionListeners is not present for class [myretail.ApplicationTests]: using defaults.
00:03:01.009 [Test worker] INFO org.springframework.boot.test.context.SpringBootTestContextBootstrapper - Loaded default TestExecutionListener class names from location [META-INF/spring.factories]: [org.springframework.boot.test.autoconfigure.restdocs.RestDocsTestExecutionListener, org.springframework.boot.test.autoconfigure.web.client.MockRestServiceServerResetTestExecutionListener, org.springframework.boot.test.autoconfigure.web.servlet.MockMvcPrintOnlyOnFailureTestExecutionListener, org.springframework.boot.test.autoconfigure.web.servlet.WebDriverTestExecutionListener, org.springframework.boot.test.mock.mockito.MockitoTestExecutionListener, org.springframework.boot.test.mock.mockito.ResetMocksTestExecutionListener, org.springframework.test.context.web.ServletTestExecutionListener, org.springframework.test.context.support.DirtiesContextBeforeModesTestExecutionListener, org.springframework.test.context.support.DependencyInjectionTestExecutionListener, org.springframework.test.context.support.DirtiesContextTestExecutionListener, org.springframework.test.context.transaction.TransactionalTestExecutionListener, org.springframework.test.context.jdbc.SqlScriptsTestExecutionListener]
00:03:01.032 [Test worker] INFO org.springframework.boot.test.context.SpringBootTestContextBootstrapper - Using TestExecutionListeners: [org.springframework.test.context.web.ServletTestExecutionListener@a9fe571, org.springframework.test.context.support.DirtiesContextBeforeModesTestExecutionListener@581d5c56, org.springframework.boot.test.autoconfigure.SpringBootDependencyInjectionTestExecutionListener@1528244a, org.springframework.test.context.support.DirtiesContextTestExecutionListener@485e910f, org.springframework.test.context.transaction.TransactionalTestExecutionListener@3d9f5118, org.springframework.test.context.jdbc.SqlScriptsTestExecutionListener@fd25511, org.springframework.boot.test.autoconfigure.web.servlet.MockMvcPrintOnlyOnFailureTestExecutionListener@5b8c2ad5, org.springframework.boot.test.autoconfigure.web.client.MockRestServiceServerResetTestExecutionListener@67661e42, org.springframework.boot.test.mock.mockito.MockitoTestExecutionListener@20369427, org.springframework.boot.test.mock.mockito.ResetMocksTestExecutionListener@3dd137ed, org.springframework.boot.test.autoconfigure.web.servlet.WebDriverTestExecutionListener@7317800, org.springframework.boot.test.autoconfigure.restdocs.RestDocsTestExecutionListener@50f2f2aa]
00:03:01.035 [Test worker] DEBUG org.springframework.test.annotation.ProfileValueUtils - Retrieved @ProfileValueSourceConfiguration [null] for test class [myretail.ApplicationTests]
00:03:01.035 [Test worker] DEBUG org.springframework.test.annotation.ProfileValueUtils - Retrieved ProfileValueSource type [class org.springframework.test.annotation.SystemProfileValueSource] for class [myretail.ApplicationTests]
00:03:01.036 [Test worker] DEBUG org.springframework.test.annotation.ProfileValueUtils - Retrieved @ProfileValueSourceConfiguration [null] for test class [myretail.ApplicationTests]
00:03:01.036 [Test worker] DEBUG org.springframework.test.annotation.ProfileValueUtils - Retrieved ProfileValueSource type [class org.springframework.test.annotation.SystemProfileValueSource] for class [myretail.ApplicationTests]
00:03:01.040 [Test worker] DEBUG org.springframework.test.context.support.AbstractDirtiesContextTestExecutionListener - Before test class: context [DefaultTestContext@39b70dce testClass = ApplicationTests, testInstance = [null], testMethod = [null], testException = [null], mergedContextConfiguration = [WebMergedContextConfiguration@2a856313 testClass = ApplicationTests, locations = '{}', classes = '{class myretail.Application, class myretail.Application}', contextInitializerClasses = '[]', activeProfiles = '{}', propertySourceLocations = '{}', propertySourceProperties = '{org.springframework.boot.test.context.SpringBootTestContextBootstrapper=true}', contextCustomizers = set[org.springframework.boot.test.autoconfigure.properties.PropertyMappingContextCustomizer@0, org.springframework.boot.test.autoconfigure.web.servlet.WebDriverContextCustomizerFactory$Customizer@6c5ea19a, org.springframework.boot.test.context.SpringBootTestContextCustomizer@6dc0c118, org.springframework.boot.test.context.filter.ExcludeFilterContextCustomizer@1e36a4d, org.springframework.boot.test.mock.mockito.MockitoContextCustomizer@0], resourceBasePath = 'src/main/webapp', contextLoader = 'org.springframework.boot.test.context.SpringBootContextLoader', parent = [null]]], class annotated with @DirtiesContext [false] with mode [null].
00:03:01.041 [Test worker] DEBUG org.springframework.test.annotation.ProfileValueUtils - Retrieved @ProfileValueSourceConfiguration [null] for test class [myretail.ApplicationTests]
00:03:01.041 [Test worker] DEBUG org.springframework.test.annotation.ProfileValueUtils - Retrieved ProfileValueSource type [class org.springframework.test.annotation.SystemProfileValueSource] for class [myretail.ApplicationTests]
00:03:01.107 [Test worker] DEBUG org.springframework.core.env.StandardEnvironment - Adding [systemProperties] PropertySource with lowest search precedence
00:03:01.107 [Test worker] DEBUG org.springframework.core.env.StandardEnvironment - Adding [systemEnvironment] PropertySource with lowest search precedence
00:03:01.108 [Test worker] DEBUG org.springframework.core.env.StandardEnvironment - Initialized StandardEnvironment with PropertySources [systemProperties,systemEnvironment]
00:03:01.109 [Test worker] DEBUG org.springframework.test.context.support.TestPropertySourceUtils - Adding inlined properties to environment: {spring.jmx.enabled=false, org.springframework.boot.test.context.SpringBootTestContextBootstrapper=true, server.port=-1}
00:03:01.109 [Test worker] DEBUG org.springframework.core.env.StandardEnvironment - Adding [Inlined Test Properties] PropertySource with highest search precedence

  .   ____          _            __ _ _
 /\\ / ___'_ __ _ _(_)_ __  __ _ \ \ \ \
( ( )\___ | '_ | '_| | '_ \/ _` | \ \ \ \
 \\/  ___)| |_)| | | | | || (_| |  ) ) ) )
  '  |____| .__|_| |_|_| |_\__, | / / / /
 =========|_|==============|___/=/_/_/_/
 :: Spring Boot ::        (v1.4.1.RELEASE)

2017-12-07 00:03:01.624  INFO 4764 --- [    Test worker] myretail.ApplicationTests                : Starting ApplicationTests on W1551421 with PID 4764 (started by SB030736 in C:\Users\sb030736\target\MyRetail)
2017-12-07 00:03:01.625  INFO 4764 --- [    Test worker] myretail.ApplicationTests                : No active profile set, falling back to default profiles: default
2017-12-07 00:03:01.907  INFO 4764 --- [    Test worker] o.s.w.c.s.GenericWebApplicationContext   : Refreshing org.springframework.web.context.support.GenericWebApplicationContext@4eb45563: startup date [Thu Dec 07 00:03:01 EST 2017]; root of context hierarchy
2017-12-07 00:03:04.485  INFO 4764 --- [    Test worker] trationDelegate$BeanPostProcessorChecker : Bean 'org.springframework.transaction.annotation.ProxyTransactionManagementConfiguration' of type [class org.springframework.transaction.annotation.ProxyTransactionManagementConfiguration$$EnhancerBySpringCGLIB$$d089828] is not eligible for getting processed by all BeanPostProcessors (for example: not eligible for auto-proxying)
2017-12-07 00:03:05.544  INFO 4764 --- [    Test worker] org.mongodb.driver.cluster               : Cluster created with settings {hosts=[localhost:27017], mode=SINGLE, requiredClusterType=UNKNOWN, serverSelectionTimeout='30000 ms', maxWaitQueueSize=500}
2017-12-07 00:03:05.750  WARN 4764 --- [    Test worker] o.s.d.m.c.m.BasicMongoPersistentProperty : Customizing field name for id property not allowed! Custom name will not be considered!
2017-12-07 00:03:06.618  INFO 4764 --- [localhost:27017] org.mongodb.driver.cluster               : Exception in monitor thread while connecting to server localhost:27017

com.mongodb.MongoSocketOpenException: Exception opening socket
	at com.mongodb.connection.SocketStream.open(SocketStream.java:63) ~[mongodb-driver-core-3.2.2.jar:na]
	at com.mongodb.connection.InternalStreamConnection.open(InternalStreamConnection.java:114) ~[mongodb-driver-core-3.2.2.jar:na]
	at com.mongodb.connection.DefaultServerMonitor$ServerMonitorRunnable.run(DefaultServerMonitor.java:128) ~[mongodb-driver-core-3.2.2.jar:na]
	at java.lang.Thread.run(Thread.java:748) [na:1.8.0_144]
Caused by: java.net.ConnectException: Connection refused: connect
	at java.net.DualStackPlainSocketImpl.waitForConnect(Native Method) ~[na:1.8.0_144]
	at java.net.DualStackPlainSocketImpl.socketConnect(DualStackPlainSocketImpl.java:85) ~[na:1.8.0_144]
	at java.net.AbstractPlainSocketImpl.doConnect(AbstractPlainSocketImpl.java:350) ~[na:1.8.0_144]
	at java.net.AbstractPlainSocketImpl.connectToAddress(AbstractPlainSocketImpl.java:206) ~[na:1.8.0_144]
	at java.net.AbstractPlainSocketImpl.connect(AbstractPlainSocketImpl.java:188) ~[na:1.8.0_144]
	at java.net.PlainSocketImpl.connect(PlainSocketImpl.java:172) ~[na:1.8.0_144]
	at java.net.SocksSocketImpl.connect(SocksSocketImpl.java:392) ~[na:1.8.0_144]
	at java.net.Socket.connect(Socket.java:589) ~[na:1.8.0_144]
	at com.mongodb.connection.SocketStreamHelper.initialize(SocketStreamHelper.java:50) ~[mongodb-driver-core-3.2.2.jar:na]
	at com.mongodb.connection.SocketStream.open(SocketStream.java:58) ~[mongodb-driver-core-3.2.2.jar:na]
	... 3 common frames omitted

2017-12-07 00:03:06.969  INFO 4764 --- [    Test worker] s.w.s.m.m.a.RequestMappingHandlerMapping : Mapped "{[/products/list/{id}],methods=[GET],produces=[application/json]}" onto public java.lang.Iterable<myretail.domain.Product> myretail.controllers.ProductController.list(org.springframework.ui.Model)
2017-12-07 00:03:06.971  INFO 4764 --- [    Test worker] s.w.s.m.m.a.RequestMappingHandlerMapping : Mapped "{[/products/{id}],methods=[PUT],produces=[application/json]}" onto public org.springframework.http.ResponseEntity myretail.controllers.ProductController.modifyPrice(java.lang.String,myretail.domain.Product) throws myretail.exception.ProductMisMatchException
2017-12-07 00:03:06.972  INFO 4764 --- [    Test worker] s.w.s.m.m.a.RequestMappingHandlerMapping : Mapped "{[/products/{id}],methods=[GET],produces=[application/json]}" onto public myretail.domain.Product myretail.controllers.ProductController.getProductInfo(java.lang.String,org.springframework.ui.Model) throws myretail.exception.ProductNotFoundException
2017-12-07 00:03:06.973  INFO 4764 --- [    Test worker] s.w.s.m.m.a.RequestMappingHandlerMapping : Mapped "{[/v2/api-docs],methods=[GET],produces=[application/json || application/hal+json]}" onto public org.springframework.http.ResponseEntity<springfox.documentation.spring.web.json.Json> springfox.documentation.swagger2.web.Swagger2Controller.getDocumentation(java.lang.String,javax.servlet.http.HttpServletRequest)
2017-12-07 00:03:06.976  INFO 4764 --- [    Test worker] s.w.s.m.m.a.RequestMappingHandlerMapping : Mapped "{[/swagger-resources/configuration/ui]}" onto org.springframework.http.ResponseEntity<springfox.documentation.swagger.web.UiConfiguration> springfox.documentation.swagger.web.ApiResourceController.uiConfiguration()
2017-12-07 00:03:06.977  INFO 4764 --- [    Test worker] s.w.s.m.m.a.RequestMappingHandlerMapping : Mapped "{[/swagger-resources]}" onto org.springframework.http.ResponseEntity<java.util.List<springfox.documentation.swagger.web.SwaggerResource>> springfox.documentation.swagger.web.ApiResourceController.swaggerResources()
2017-12-07 00:03:06.978  INFO 4764 --- [    Test worker] s.w.s.m.m.a.RequestMappingHandlerMapping : Mapped "{[/swagger-resources/configuration/security]}" onto org.springframework.http.ResponseEntity<springfox.documentation.swagger.web.SecurityConfiguration> springfox.documentation.swagger.web.ApiResourceController.securityConfiguration()
2017-12-07 00:03:06.984  INFO 4764 --- [    Test worker] s.w.s.m.m.a.RequestMappingHandlerMapping : Mapped "{[/error]}" onto public org.springframework.http.ResponseEntity<java.util.Map<java.lang.String, java.lang.Object>> org.springframework.boot.autoconfigure.web.BasicErrorController.error(javax.servlet.http.HttpServletRequest)
2017-12-07 00:03:06.984  INFO 4764 --- [    Test worker] s.w.s.m.m.a.RequestMappingHandlerMapping : Mapped "{[/error],produces=[text/html]}" onto public org.springframework.web.servlet.ModelAndView org.springframework.boot.autoconfigure.web.BasicErrorController.errorHtml(javax.servlet.http.HttpServletRequest,javax.servlet.http.HttpServletResponse)
2017-12-07 00:03:07.490  INFO 4764 --- [    Test worker] o.s.b.a.e.mvc.EndpointHandlerMapping     : Mapped "{[/heapdump || /heapdump.json],methods=[GET],produces=[application/octet-stream]}" onto public void org.springframework.boot.actuate.endpoint.mvc.HeapdumpMvcEndpoint.invoke(boolean,javax.servlet.http.HttpServletRequest,javax.servlet.http.HttpServletResponse) throws java.io.IOException,javax.servlet.ServletException
2017-12-07 00:03:07.494  INFO 4764 --- [    Test worker] o.s.b.a.e.mvc.EndpointHandlerMapping     : Mapped "{[/dump || /dump.json],methods=[GET],produces=[application/json]}" onto public java.lang.Object org.springframework.boot.actuate.endpoint.mvc.EndpointMvcAdapter.invoke()
2017-12-07 00:03:07.495  INFO 4764 --- [    Test worker] o.s.b.a.e.mvc.EndpointHandlerMapping     : Mapped "{[/info || /info.json],methods=[GET],produces=[application/json]}" onto public java.lang.Object org.springframework.boot.actuate.endpoint.mvc.EndpointMvcAdapter.invoke()
2017-12-07 00:03:07.496  INFO 4764 --- [    Test worker] o.s.b.a.e.mvc.EndpointHandlerMapping     : Mapped "{[/autoconfig || /autoconfig.json],methods=[GET],produces=[application/json]}" onto public java.lang.Object org.springframework.boot.actuate.endpoint.mvc.EndpointMvcAdapter.invoke()
2017-12-07 00:03:07.497  INFO 4764 --- [    Test worker] o.s.b.a.e.mvc.EndpointHandlerMapping     : Mapped "{[/configprops || /configprops.json],methods=[GET],produces=[application/json]}" onto public java.lang.Object org.springframework.boot.actuate.endpoint.mvc.EndpointMvcAdapter.invoke()
2017-12-07 00:03:07.498  INFO 4764 --- [    Test worker] o.s.b.a.e.mvc.EndpointHandlerMapping     : Mapped "{[/mappings || /mappings.json],methods=[GET],produces=[application/json]}" onto public java.lang.Object org.springframework.boot.actuate.endpoint.mvc.EndpointMvcAdapter.invoke()
2017-12-07 00:03:07.501  INFO 4764 --- [    Test worker] o.s.b.a.e.mvc.EndpointHandlerMapping     : Mapped "{[/env/{name:.*}],methods=[GET],produces=[application/json]}" onto public java.lang.Object org.springframework.boot.actuate.endpoint.mvc.EnvironmentMvcEndpoint.value(java.lang.String)
2017-12-07 00:03:07.501  INFO 4764 --- [    Test worker] o.s.b.a.e.mvc.EndpointHandlerMapping     : Mapped "{[/env || /env.json],methods=[GET],produces=[application/json]}" onto public java.lang.Object org.springframework.boot.actuate.endpoint.mvc.EndpointMvcAdapter.invoke()
2017-12-07 00:03:07.506  INFO 4764 --- [    Test worker] o.s.b.a.e.mvc.EndpointHandlerMapping     : Mapped "{[/metrics/{name:.*}],methods=[GET],produces=[application/json]}" onto public java.lang.Object org.springframework.boot.actuate.endpoint.mvc.MetricsMvcEndpoint.value(java.lang.String)
2017-12-07 00:03:07.506  INFO 4764 --- [    Test worker] o.s.b.a.e.mvc.EndpointHandlerMapping     : Mapped "{[/metrics || /metrics.json],methods=[GET],produces=[application/json]}" onto public java.lang.Object org.springframework.boot.actuate.endpoint.mvc.EndpointMvcAdapter.invoke()
2017-12-07 00:03:07.507  INFO 4764 --- [    Test worker] o.s.b.a.e.mvc.EndpointHandlerMapping     : Mapped "{[/beans || /beans.json],methods=[GET],produces=[application/json]}" onto public java.lang.Object org.springframework.boot.actuate.endpoint.mvc.EndpointMvcAdapter.invoke()
2017-12-07 00:03:07.508  INFO 4764 --- [    Test worker] o.s.b.a.e.mvc.EndpointHandlerMapping     : Mapped "{[/trace || /trace.json],methods=[GET],produces=[application/json]}" onto public java.lang.Object org.springframework.boot.actuate.endpoint.mvc.EndpointMvcAdapter.invoke()
2017-12-07 00:03:07.509  INFO 4764 --- [    Test worker] o.s.b.a.e.mvc.EndpointHandlerMapping     : Mapped "{[/health || /health.json],produces=[application/json]}" onto public java.lang.Object org.springframework.boot.actuate.endpoint.mvc.HealthMvcEndpoint.invoke(java.security.Principal)
2017-12-07 00:03:08.217  INFO 4764 --- [    Test worker] s.w.s.m.m.a.RequestMappingHandlerAdapter : Looking for @ControllerAdvice: org.springframework.web.context.support.GenericWebApplicationContext@4eb45563: startup date [Thu Dec 07 00:03:01 EST 2017]; root of context hierarchy
2017-12-07 00:03:08.318  INFO 4764 --- [    Test worker] o.s.w.s.handler.SimpleUrlHandlerMapping  : Mapped URL path [/webjars/**] onto handler of type [class org.springframework.web.servlet.resource.ResourceHttpRequestHandler]
2017-12-07 00:03:08.318  INFO 4764 --- [    Test worker] o.s.w.s.handler.SimpleUrlHandlerMapping  : Mapped URL path [/**] onto handler of type [class org.springframework.web.servlet.resource.ResourceHttpRequestHandler]
2017-12-07 00:03:08.394  INFO 4764 --- [    Test worker] o.s.w.s.handler.SimpleUrlHandlerMapping  : Mapped URL path [/**/favicon.ico] onto handler of type [class org.springframework.web.servlet.resource.ResourceHttpRequestHandler]
2017-12-07 00:03:08.824  INFO 4764 --- [    Test worker] o.s.c.support.DefaultLifecycleProcessor  : Starting beans in phase 2147483647
2017-12-07 00:03:08.824  INFO 4764 --- [    Test worker] d.s.w.p.DocumentationPluginsBootstrapper : Context refreshed
2017-12-07 00:03:08.862  INFO 4764 --- [    Test worker] d.s.w.p.DocumentationPluginsBootstrapper : Found 1 custom documentation plugin(s)
2017-12-07 00:03:08.885  INFO 4764 --- [    Test worker] s.d.s.w.s.ApiListingReferenceScanner     : Scanning for api listing references
2017-12-07 00:03:09.178  INFO 4764 --- [    Test worker] myretail.ApplicationTests                : Started ApplicationTests in 8.054 seconds (JVM running for 9.299)
]]></system-out>
  <system-err><![CDATA[]]></system-err>
</testsuite>
